D:\Anil\repos\Angular2Demo\Angular2Demo\src\app\Book\books.component.js
D:\Anil\repos\Angular2Demo\Angular2Demo\src\app\Book\books.component.js.map
D:\Anil\repos\Angular2Demo\Angular2Demo\src\app\Book\bookslist.component.js
D:\Anil\repos\Angular2Demo\Angular2Demo\src\app\Book\bookslist.component.js.map
D:\Anil\repos\Angular2Demo\Angular2Demo\src\app\app.component.js
D:\Anil\repos\Angular2Demo\Angular2Demo\src\app\app.component.js.map
D:\Anil\repos\Angular2Demo\Angular2Demo\src\app\app.module.js
D:\Anil\repos\Angular2Demo\Angular2Demo\src\app\app.module.js.map
D:\Anil\repos\Angular2Demo\Angular2Demo\src\main.js
D:\Anil\repos\Angular2Demo\Angular2Demo\src\main.js.map
D:\Anil\repos\Angular2Demo\Angular2Demo\src\app\app.component.spec.js
D:\Anil\repos\Angular2Demo\Angular2Demo\src\app\app.component.spec.js.map
D:\Anil\repos\Angular2Demo\Angular2Demo\src\app\Book\books.component.js
D:\Anil\repos\Angular2Demo\Angular2Demo\src\app\Book\books.component.js.map
D:\Anil\repos\Angular2Demo\Angular2Demo\src\app\Book\bookslist.component.js
D:\Anil\repos\Angular2Demo\Angular2Demo\src\app\Book\bookslist.component.js.map
D:\Anil\repos\Angular2Demo\Angular2Demo\src\app\app.component.js
D:\Anil\repos\Angular2Demo\Angular2Demo\src\app\app.component.js.map
D:\Anil\repos\Angular2Demo\Angular2Demo\src\app\app.module.js
D:\Anil\repos\Angular2Demo\Angular2Demo\src\app\app.module.js.map
D:\Anil\repos\Angular2Demo\Angular2Demo\src\main.js
D:\Anil\repos\Angular2Demo\Angular2Demo\src\main.js.map
D:\Anil\repos\Angular2Demo\Angular2Demo\src\app\app.component.spec.js
D:\Anil\repos\Angular2Demo\Angular2Demo\src\app\app.component.spec.js.map
D:\Anil\repos\Angular2Demo\Angular2Demo\src\app\Book\books.component.js
D:\Anil\repos\Angular2Demo\Angular2Demo\src\app\Book\books.component.js.map
D:\Anil\repos\Angular2Demo\Angular2Demo\src\app\Book\bookslist.component.js
D:\Anil\repos\Angular2Demo\Angular2Demo\src\app\Book\bookslist.component.js.map
D:\Anil\repos\Angular2Demo\Angular2Demo\src\app\app.component.js
D:\Anil\repos\Angular2Demo\Angular2Demo\src\app\app.component.js.map
D:\Anil\repos\Angular2Demo\Angular2Demo\src\app\app.module.js
D:\Anil\repos\Angular2Demo\Angular2Demo\src\app\app.module.js.map
D:\Anil\repos\Angular2Demo\Angular2Demo\src\main.js
D:\Anil\repos\Angular2Demo\Angular2Demo\src\main.js.map
D:\Anil\repos\Angular2Demo\Angular2Demo\src\app\app.component.spec.js
D:\Anil\repos\Angular2Demo\Angular2Demo\src\app\app.component.spec.js.map
D:\Anil\repos\Angular2Demo\Angular2Demo\src\app\Book\books.component.js
D:\Anil\repos\Angular2Demo\Angular2Demo\src\app\Book\books.component.js.map
D:\Anil\repos\Angular2Demo\Angular2Demo\src\app\Book\bookslist.component.js
D:\Anil\repos\Angular2Demo\Angular2Demo\src\app\Book\bookslist.component.js.map
D:\Anil\repos\Angular2Demo\Angular2Demo\src\app\app.component.js
D:\Anil\repos\Angular2Demo\Angular2Demo\src\app\app.component.js.map
D:\Anil\repos\Angular2Demo\Angular2Demo\src\app\app.module.js
D:\Anil\repos\Angular2Demo\Angular2Demo\src\app\app.module.js.map
D:\Anil\repos\Angular2Demo\Angular2Demo\src\main.js
D:\Anil\repos\Angular2Demo\Angular2Demo\src\main.js.map
D:\Anil\repos\Angular2Demo\Angular2Demo\src\app\app.component.spec.js
D:\Anil\repos\Angular2Demo\Angular2Demo\src\app\app.component.spec.js.map
D:\Anil\repos\Angular2Demo\Angular2Demo\src\app\Book\books.component.js
D:\Anil\repos\Angular2Demo\Angular2Demo\src\app\Book\books.component.js.map
D:\Anil\repos\Angular2Demo\Angular2Demo\src\app\Book\bookslist.component.js
D:\Anil\repos\Angular2Demo\Angular2Demo\src\app\Book\bookslist.component.js.map
D:\Anil\repos\Angular2Demo\Angular2Demo\src\app\app.component.js
D:\Anil\repos\Angular2Demo\Angular2Demo\src\app\app.component.js.map
D:\Anil\repos\Angular2Demo\Angular2Demo\src\app\app.module.js
D:\Anil\repos\Angular2Demo\Angular2Demo\src\app\app.module.js.map
D:\Anil\repos\Angular2Demo\Angular2Demo\src\main.js
D:\Anil\repos\Angular2Demo\Angular2Demo\src\main.js.map
D:\Anil\repos\Angular2Demo\Angular2Demo\src\app\app.component.spec.js
D:\Anil\repos\Angular2Demo\Angular2Demo\src\app\app.component.spec.js.map
D:\Anil\repos\Angular2Demo\Angular2Demo\src\app\Book\books.component.js
D:\Anil\repos\Angular2Demo\Angular2Demo\src\app\Book\books.component.js.map
D:\Anil\repos\Angular2Demo\Angular2Demo\src\app\Book\bookslist.component.js
D:\Anil\repos\Angular2Demo\Angular2Demo\src\app\Book\bookslist.component.js.map
D:\Anil\repos\Angular2Demo\Angular2Demo\src\app\app.component.js
D:\Anil\repos\Angular2Demo\Angular2Demo\src\app\app.component.js.map
D:\Anil\repos\Angular2Demo\Angular2Demo\src\app\app.module.js
D:\Anil\repos\Angular2Demo\Angular2Demo\src\app\app.module.js.map
D:\Anil\repos\Angular2Demo\Angular2Demo\src\main.js
D:\Anil\repos\Angular2Demo\Angular2Demo\src\main.js.map
D:\Anil\repos\Angular2Demo\Angular2Demo\src\app\app.component.spec.js
D:\Anil\repos\Angular2Demo\Angular2Demo\src\app\app.component.spec.js.map
D:\Anil\repos\Angular2Demo\Angular2Demo\src\app\Book\books.component.js
D:\Anil\repos\Angular2Demo\Angular2Demo\src\app\Book\books.component.js.map
D:\Anil\repos\Angular2Demo\Angular2Demo\src\app\Book\bookslist.component.js
D:\Anil\repos\Angular2Demo\Angular2Demo\src\app\Book\bookslist.component.js.map
D:\Anil\repos\Angular2Demo\Angular2Demo\src\app\app.component.js
D:\Anil\repos\Angular2Demo\Angular2Demo\src\app\app.component.js.map
D:\Anil\repos\Angular2Demo\Angular2Demo\src\app\app.module.js
D:\Anil\repos\Angular2Demo\Angular2Demo\src\app\app.module.js.map
D:\Anil\repos\Angular2Demo\Angular2Demo\src\main.js
D:\Anil\repos\Angular2Demo\Angular2Demo\src\main.js.map
D:\Anil\repos\Angular2Demo\Angular2Demo\src\app\app.component.spec.js
D:\Anil\repos\Angular2Demo\Angular2Demo\src\app\app.component.spec.js.map
D:\Anil\repos\Angular2Demo\Angular2Demo\src\app\Book\books.component.js
D:\Anil\repos\Angular2Demo\Angular2Demo\src\app\Book\books.component.js.map
D:\Anil\repos\Angular2Demo\Angular2Demo\src\app\Book\bookslist.component.js
D:\Anil\repos\Angular2Demo\Angular2Demo\src\app\Book\bookslist.component.js.map
D:\Anil\repos\Angular2Demo\Angular2Demo\src\app\app.component.js
D:\Anil\repos\Angular2Demo\Angular2Demo\src\app\app.component.js.map
D:\Anil\repos\Angular2Demo\Angular2Demo\src\app\app.module.js
D:\Anil\repos\Angular2Demo\Angular2Demo\src\app\app.module.js.map
D:\Anil\repos\Angular2Demo\Angular2Demo\src\main.js
D:\Anil\repos\Angular2Demo\Angular2Demo\src\main.js.map
D:\Anil\repos\Angular2Demo\Angular2Demo\src\app\app.component.spec.js
D:\Anil\repos\Angular2Demo\Angular2Demo\src\app\app.component.spec.js.map
D:\Anil\repos\Angular2Demo\Angular2Demo\src\app\Book\books.component.js
D:\Anil\repos\Angular2Demo\Angular2Demo\src\app\Book\books.component.js.map
D:\Anil\repos\Angular2Demo\Angular2Demo\src\app\Book\bookslist.component.js
D:\Anil\repos\Angular2Demo\Angular2Demo\src\app\Book\bookslist.component.js.map
D:\Anil\repos\Angular2Demo\Angular2Demo\src\app\app.component.js
D:\Anil\repos\Angular2Demo\Angular2Demo\src\app\app.component.js.map
D:\Anil\repos\Angular2Demo\Angular2Demo\src\app\app.module.js
D:\Anil\repos\Angular2Demo\Angular2Demo\src\app\app.module.js.map
D:\Anil\repos\Angular2Demo\Angular2Demo\src\main.js
D:\Anil\repos\Angular2Demo\Angular2Demo\src\main.js.map
D:\Anil\repos\Angular2Demo\Angular2Demo\src\app\app.component.spec.js
D:\Anil\repos\Angular2Demo\Angular2Demo\src\app\app.component.spec.js.map
D:\Anil\repos\Angular2Demo\Angular2Demo\src\app\Book\books.component.js
D:\Anil\repos\Angular2Demo\Angular2Demo\src\app\Book\books.component.js.map
D:\Anil\repos\Angular2Demo\Angular2Demo\src\app\Book\bookslist.component.js
D:\Anil\repos\Angular2Demo\Angular2Demo\src\app\Book\bookslist.component.js.map
D:\Anil\repos\Angular2Demo\Angular2Demo\src\app\app.component.js
D:\Anil\repos\Angular2Demo\Angular2Demo\src\app\app.component.js.map
D:\Anil\repos\Angular2Demo\Angular2Demo\src\app\app.module.js
D:\Anil\repos\Angular2Demo\Angular2Demo\src\app\app.module.js.map
D:\Anil\repos\Angular2Demo\Angular2Demo\src\main.js
D:\Anil\repos\Angular2Demo\Angular2Demo\src\main.js.map
D:\Anil\repos\Angular2Demo\Angular2Demo\src\app\app.component.spec.js
D:\Anil\repos\Angular2Demo\Angular2Demo\src\app\app.component.spec.js.map
D:\Anil\repos\Angular2Demo\Angular2Demo\src\app\Book\books.component.js
D:\Anil\repos\Angular2Demo\Angular2Demo\src\app\Book\books.component.js.map
D:\Anil\repos\Angular2Demo\Angular2Demo\src\app\Book\bookslist.component.js
D:\Anil\repos\Angular2Demo\Angular2Demo\src\app\Book\bookslist.component.js.map
D:\Anil\repos\Angular2Demo\Angular2Demo\src\app\app.component.js
D:\Anil\repos\Angular2Demo\Angular2Demo\src\app\app.component.js.map
D:\Anil\repos\Angular2Demo\Angular2Demo\src\app\app.module.js
D:\Anil\repos\Angular2Demo\Angular2Demo\src\app\app.module.js.map
D:\Anil\repos\Angular2Demo\Angular2Demo\src\main.js
D:\Anil\repos\Angular2Demo\Angular2Demo\src\main.js.map
D:\Anil\repos\Angular2Demo\Angular2Demo\src\app\app.component.spec.js
D:\Anil\repos\Angular2Demo\Angular2Demo\src\app\app.component.spec.js.map
D:\Anil\repos\Angular2Demo\Angular2Demo\src\app\Book\books.component.js
D:\Anil\repos\Angular2Demo\Angular2Demo\src\app\Book\books.component.js.map
D:\Anil\repos\Angular2Demo\Angular2Demo\src\app\Book\modal.js
D:\Anil\repos\Angular2Demo\Angular2Demo\src\app\Book\modal.js.map
D:\Anil\repos\Angular2Demo\Angular2Demo\src\app\Book\bookslist.component.js
D:\Anil\repos\Angular2Demo\Angular2Demo\src\app\Book\bookslist.component.js.map
D:\Anil\repos\Angular2Demo\Angular2Demo\src\app\app.component.js
D:\Anil\repos\Angular2Demo\Angular2Demo\src\app\app.component.js.map
D:\Anil\repos\Angular2Demo\Angular2Demo\src\app\app.module.js
D:\Anil\repos\Angular2Demo\Angular2Demo\src\app\app.module.js.map
D:\Anil\repos\Angular2Demo\Angular2Demo\src\main.js
D:\Anil\repos\Angular2Demo\Angular2Demo\src\main.js.map
D:\Anil\repos\Angular2Demo\Angular2Demo\src\app\app.component.spec.js
D:\Anil\repos\Angular2Demo\Angular2Demo\src\app\app.component.spec.js.map
D:\Anil\repos\Angular2Demo\Angular2Demo\src\app\Book\books.component.js
D:\Anil\repos\Angular2Demo\Angular2Demo\src\app\Book\books.component.js.map
D:\Anil\repos\Angular2Demo\Angular2Demo\src\app\Book\modal.js
D:\Anil\repos\Angular2Demo\Angular2Demo\src\app\Book\modal.js.map
D:\Anil\repos\Angular2Demo\Angular2Demo\src\app\Book\bookslist.component.js
D:\Anil\repos\Angular2Demo\Angular2Demo\src\app\Book\bookslist.component.js.map
D:\Anil\repos\Angular2Demo\Angular2Demo\src\app\app.component.js
D:\Anil\repos\Angular2Demo\Angular2Demo\src\app\app.component.js.map
D:\Anil\repos\Angular2Demo\Angular2Demo\src\app\app.module.js
D:\Anil\repos\Angular2Demo\Angular2Demo\src\app\app.module.js.map
D:\Anil\repos\Angular2Demo\Angular2Demo\src\main.js
D:\Anil\repos\Angular2Demo\Angular2Demo\src\main.js.map
D:\Anil\repos\Angular2Demo\Angular2Demo\src\app\app.component.spec.js
D:\Anil\repos\Angular2Demo\Angular2Demo\src\app\app.component.spec.js.map
D:\Anil\repos\Angular2Demo\Angular2Demo\src\app\Book\books.component.js
D:\Anil\repos\Angular2Demo\Angular2Demo\src\app\Book\books.component.js.map
D:\Anil\repos\Angular2Demo\Angular2Demo\src\app\Book\modal.js
D:\Anil\repos\Angular2Demo\Angular2Demo\src\app\Book\modal.js.map
D:\Anil\repos\Angular2Demo\Angular2Demo\src\app\Book\bookslist.component.js
D:\Anil\repos\Angular2Demo\Angular2Demo\src\app\Book\bookslist.component.js.map
D:\Anil\repos\Angular2Demo\Angular2Demo\src\app\app.component.js
D:\Anil\repos\Angular2Demo\Angular2Demo\src\app\app.component.js.map
D:\Anil\repos\Angular2Demo\Angular2Demo\src\app\app.module.js
D:\Anil\repos\Angular2Demo\Angular2Demo\src\app\app.module.js.map
D:\Anil\repos\Angular2Demo\Angular2Demo\src\main.js
D:\Anil\repos\Angular2Demo\Angular2Demo\src\main.js.map
D:\Anil\repos\Angular2Demo\Angular2Demo\src\app\app.component.spec.js
D:\Anil\repos\Angular2Demo\Angular2Demo\src\app\app.component.spec.js.map
D:\Anil\repos\Angular2Demo\Angular2Demo\src\app\Book\books.component.js
D:\Anil\repos\Angular2Demo\Angular2Demo\src\app\Book\books.component.js.map
D:\Anil\repos\Angular2Demo\Angular2Demo\src\app\Book\modal.js
D:\Anil\repos\Angular2Demo\Angular2Demo\src\app\Book\modal.js.map
D:\Anil\repos\Angular2Demo\Angular2Demo\src\app\Book\bookslist.component.js
D:\Anil\repos\Angular2Demo\Angular2Demo\src\app\Book\bookslist.component.js.map
D:\Anil\repos\Angular2Demo\Angular2Demo\src\app\app.component.js
D:\Anil\repos\Angular2Demo\Angular2Demo\src\app\app.component.js.map
D:\Anil\repos\Angular2Demo\Angular2Demo\src\app\app.module.js
D:\Anil\repos\Angular2Demo\Angular2Demo\src\app\app.module.js.map
D:\Anil\repos\Angular2Demo\Angular2Demo\src\main.js
D:\Anil\repos\Angular2Demo\Angular2Demo\src\main.js.map
D:\Anil\repos\Angular2Demo\Angular2Demo\src\app\app.component.spec.js
D:\Anil\repos\Angular2Demo\Angular2Demo\src\app\app.component.spec.js.map
D:\Anil\repos\Angular2Demo\Angular2Demo\src\app\Book\books.component.js
D:\Anil\repos\Angular2Demo\Angular2Demo\src\app\Book\books.component.js.map
D:\Anil\repos\Angular2Demo\Angular2Demo\src\app\Book\modal.js
D:\Anil\repos\Angular2Demo\Angular2Demo\src\app\Book\modal.js.map
D:\Anil\repos\Angular2Demo\Angular2Demo\src\app\Book\bookslist.component.js
D:\Anil\repos\Angular2Demo\Angular2Demo\src\app\Book\bookslist.component.js.map
D:\Anil\repos\Angular2Demo\Angular2Demo\src\app\app.component.js
D:\Anil\repos\Angular2Demo\Angular2Demo\src\app\app.component.js.map
D:\Anil\repos\Angular2Demo\Angular2Demo\src\app\app.module.js
D:\Anil\repos\Angular2Demo\Angular2Demo\src\app\app.module.js.map
D:\Anil\repos\Angular2Demo\Angular2Demo\src\main.js
D:\Anil\repos\Angular2Demo\Angular2Demo\src\main.js.map
D:\Anil\repos\Angular2Demo\Angular2Demo\src\app\app.component.spec.js
D:\Anil\repos\Angular2Demo\Angular2Demo\src\app\app.component.spec.js.map
D:\Anil\repos\Angular2Demo\Angular2Demo\src\app\Book\books.component.js
D:\Anil\repos\Angular2Demo\Angular2Demo\src\app\Book\books.component.js.map
D:\Anil\repos\Angular2Demo\Angular2Demo\src\app\Book\modal.js
D:\Anil\repos\Angular2Demo\Angular2Demo\src\app\Book\modal.js.map
D:\Anil\repos\Angular2Demo\Angular2Demo\src\app\Book\bookslist.component.js
D:\Anil\repos\Angular2Demo\Angular2Demo\src\app\Book\bookslist.component.js.map
D:\Anil\repos\Angular2Demo\Angular2Demo\src\app\app.component.js
D:\Anil\repos\Angular2Demo\Angular2Demo\src\app\app.component.js.map
D:\Anil\repos\Angular2Demo\Angular2Demo\src\app\app.module.js
D:\Anil\repos\Angular2Demo\Angular2Demo\src\app\app.module.js.map
D:\Anil\repos\Angular2Demo\Angular2Demo\src\main.js
D:\Anil\repos\Angular2Demo\Angular2Demo\src\main.js.map
D:\Anil\repos\Angular2Demo\Angular2Demo\src\app\app.component.spec.js
D:\Anil\repos\Angular2Demo\Angular2Demo\src\app\app.component.spec.js.map
D:\Anil\repos\Angular2Demo\Angular2Demo\src\app\Book\books.component.js
D:\Anil\repos\Angular2Demo\Angular2Demo\src\app\Book\books.component.js.map
D:\Anil\repos\Angular2Demo\Angular2Demo\src\app\Book\modal.js
D:\Anil\repos\Angular2Demo\Angular2Demo\src\app\Book\modal.js.map
D:\Anil\repos\Angular2Demo\Angular2Demo\src\app\Book\bookslist.component.js
D:\Anil\repos\Angular2Demo\Angular2Demo\src\app\Book\bookslist.component.js.map
D:\Anil\repos\Angular2Demo\Angular2Demo\src\app\app.component.js
D:\Anil\repos\Angular2Demo\Angular2Demo\src\app\app.component.js.map
D:\Anil\repos\Angular2Demo\Angular2Demo\src\app\app.module.js
D:\Anil\repos\Angular2Demo\Angular2Demo\src\app\app.module.js.map
D:\Anil\repos\Angular2Demo\Angular2Demo\src\main.js
D:\Anil\repos\Angular2Demo\Angular2Demo\src\main.js.map
D:\Anil\repos\Angular2Demo\Angular2Demo\src\app\app.component.spec.js
D:\Anil\repos\Angular2Demo\Angular2Demo\src\app\app.component.spec.js.map
D:\Anil\repos\Angular2Demo\Angular2Demo\src\app\Book\books.component.js
D:\Anil\repos\Angular2Demo\Angular2Demo\src\app\Book\books.component.js.map
D:\Anil\repos\Angular2Demo\Angular2Demo\src\app\Book\modal.js
D:\Anil\repos\Angular2Demo\Angular2Demo\src\app\Book\modal.js.map
D:\Anil\repos\Angular2Demo\Angular2Demo\src\app\Book\bookslist.component.js
D:\Anil\repos\Angular2Demo\Angular2Demo\src\app\Book\bookslist.component.js.map
D:\Anil\repos\Angular2Demo\Angular2Demo\src\app\app.component.js
D:\Anil\repos\Angular2Demo\Angular2Demo\src\app\app.component.js.map
D:\Anil\repos\Angular2Demo\Angular2Demo\src\app\app.module.js
D:\Anil\repos\Angular2Demo\Angular2Demo\src\app\app.module.js.map
D:\Anil\repos\Angular2Demo\Angular2Demo\src\main.js
D:\Anil\repos\Angular2Demo\Angular2Demo\src\main.js.map
D:\Anil\repos\Angular2Demo\Angular2Demo\src\app\app.component.spec.js
D:\Anil\repos\Angular2Demo\Angular2Demo\src\app\app.component.spec.js.map
D:\Anil\repos\Angular2Demo\Angular2Demo\src\app\Book\books.component.js
D:\Anil\repos\Angular2Demo\Angular2Demo\src\app\Book\books.component.js.map
D:\Anil\repos\Angular2Demo\Angular2Demo\src\app\Book\modal.js
D:\Anil\repos\Angular2Demo\Angular2Demo\src\app\Book\modal.js.map
D:\Anil\repos\Angular2Demo\Angular2Demo\src\app\Book\bookslist.component.js
D:\Anil\repos\Angular2Demo\Angular2Demo\src\app\Book\bookslist.component.js.map
D:\Anil\repos\Angular2Demo\Angular2Demo\src\app\app.component.js
D:\Anil\repos\Angular2Demo\Angular2Demo\src\app\app.component.js.map
D:\Anil\repos\Angular2Demo\Angular2Demo\src\app\app.module.js
D:\Anil\repos\Angular2Demo\Angular2Demo\src\app\app.module.js.map
D:\Anil\repos\Angular2Demo\Angular2Demo\src\main.js
D:\Anil\repos\Angular2Demo\Angular2Demo\src\main.js.map
D:\Anil\repos\Angular2Demo\Angular2Demo\src\app\app.component.spec.js
D:\Anil\repos\Angular2Demo\Angular2Demo\src\app\app.component.spec.js.map
D:\Anil\repos\Angular2Demo\Angular2Demo\src\app\Book\books.component.js
D:\Anil\repos\Angular2Demo\Angular2Demo\src\app\Book\books.component.js.map
D:\Anil\repos\Angular2Demo\Angular2Demo\src\app\Book\modal.js
D:\Anil\repos\Angular2Demo\Angular2Demo\src\app\Book\modal.js.map
D:\Anil\repos\Angular2Demo\Angular2Demo\src\app\Book\bookslist.component.js
D:\Anil\repos\Angular2Demo\Angular2Demo\src\app\Book\bookslist.component.js.map
D:\Anil\repos\Angular2Demo\Angular2Demo\src\app\app.component.js
D:\Anil\repos\Angular2Demo\Angular2Demo\src\app\app.component.js.map
D:\Anil\repos\Angular2Demo\Angular2Demo\src\app\app.module.js
D:\Anil\repos\Angular2Demo\Angular2Demo\src\app\app.module.js.map
D:\Anil\repos\Angular2Demo\Angular2Demo\src\main.js
D:\Anil\repos\Angular2Demo\Angular2Demo\src\main.js.map
D:\Anil\repos\Angular2Demo\Angular2Demo\src\app\app.component.spec.js
D:\Anil\repos\Angular2Demo\Angular2Demo\src\app\app.component.spec.js.map
D:\Anil\repos\Angular2Demo\Angular2Demo\src\app\Book\books.component.js
D:\Anil\repos\Angular2Demo\Angular2Demo\src\app\Book\books.component.js.map
D:\Anil\repos\Angular2Demo\Angular2Demo\src\app\Book\modal.js
D:\Anil\repos\Angular2Demo\Angular2Demo\src\app\Book\modal.js.map
D:\Anil\repos\Angular2Demo\Angular2Demo\src\app\Book\bookslist.component.js
D:\Anil\repos\Angular2Demo\Angular2Demo\src\app\Book\bookslist.component.js.map
D:\Anil\repos\Angular2Demo\Angular2Demo\src\app\app.component.js
D:\Anil\repos\Angular2Demo\Angular2Demo\src\app\app.component.js.map
D:\Anil\repos\Angular2Demo\Angular2Demo\src\app\app.module.js
D:\Anil\repos\Angular2Demo\Angular2Demo\src\app\app.module.js.map
D:\Anil\repos\Angular2Demo\Angular2Demo\src\main.js
D:\Anil\repos\Angular2Demo\Angular2Demo\src\main.js.map
D:\Anil\repos\Angular2Demo\Angular2Demo\src\app\app.component.spec.js
D:\Anil\repos\Angular2Demo\Angular2Demo\src\app\app.component.spec.js.map
D:\Anil\repos\Angular2Demo\Angular2Demo\src\app\Book\books.component.js
D:\Anil\repos\Angular2Demo\Angular2Demo\src\app\Book\books.component.js.map
D:\Anil\repos\Angular2Demo\Angular2Demo\src\app\Book\modal.js
D:\Anil\repos\Angular2Demo\Angular2Demo\src\app\Book\modal.js.map
D:\Anil\repos\Angular2Demo\Angular2Demo\src\app\Book\bookslist.component.js
D:\Anil\repos\Angular2Demo\Angular2Demo\src\app\Book\bookslist.component.js.map
D:\Anil\repos\Angular2Demo\Angular2Demo\src\app\app.component.js
D:\Anil\repos\Angular2Demo\Angular2Demo\src\app\app.component.js.map
D:\Anil\repos\Angular2Demo\Angular2Demo\src\app\app.module.js
D:\Anil\repos\Angular2Demo\Angular2Demo\src\app\app.module.js.map
D:\Anil\repos\Angular2Demo\Angular2Demo\src\main.js
D:\Anil\repos\Angular2Demo\Angular2Demo\src\main.js.map
D:\Anil\repos\Angular2Demo\Angular2Demo\src\app\app.component.spec.js
D:\Anil\repos\Angular2Demo\Angular2Demo\src\app\app.component.spec.js.map
D:\Anil\repos\Angular2Demo\Angular2Demo\src\app\Book\books.component.js
D:\Anil\repos\Angular2Demo\Angular2Demo\src\app\Book\books.component.js.map
D:\Anil\repos\Angular2Demo\Angular2Demo\src\app\Book\modal.js
D:\Anil\repos\Angular2Demo\Angular2Demo\src\app\Book\modal.js.map
D:\Anil\repos\Angular2Demo\Angular2Demo\src\app\Book\bookslist.component.js
D:\Anil\repos\Angular2Demo\Angular2Demo\src\app\Book\bookslist.component.js.map
D:\Anil\repos\Angular2Demo\Angular2Demo\src\app\app.component.js
D:\Anil\repos\Angular2Demo\Angular2Demo\src\app\app.component.js.map
D:\Anil\repos\Angular2Demo\Angular2Demo\src\app\app.module.js
D:\Anil\repos\Angular2Demo\Angular2Demo\src\app\app.module.js.map
D:\Anil\repos\Angular2Demo\Angular2Demo\src\main.js
D:\Anil\repos\Angular2Demo\Angular2Demo\src\main.js.map
D:\Anil\repos\Angular2Demo\Angular2Demo\src\app\app.component.spec.js
D:\Anil\repos\Angular2Demo\Angular2Demo\src\app\app.component.spec.js.map
D:\Anil\repos\Angular2Demo\Angular2Demo\src\app\Book\books.component.js
D:\Anil\repos\Angular2Demo\Angular2Demo\src\app\Book\books.component.js.map
D:\Anil\repos\Angular2Demo\Angular2Demo\src\app\Book\modal.js
D:\Anil\repos\Angular2Demo\Angular2Demo\src\app\Book\modal.js.map
D:\Anil\repos\Angular2Demo\Angular2Demo\src\app\Book\bookslist.component.js
D:\Anil\repos\Angular2Demo\Angular2Demo\src\app\Book\bookslist.component.js.map
D:\Anil\repos\Angular2Demo\Angular2Demo\src\app\app.component.js
D:\Anil\repos\Angular2Demo\Angular2Demo\src\app\app.component.js.map
D:\Anil\repos\Angular2Demo\Angular2Demo\src\app\app.module.js
D:\Anil\repos\Angular2Demo\Angular2Demo\src\app\app.module.js.map
D:\Anil\repos\Angular2Demo\Angular2Demo\src\main.js
D:\Anil\repos\Angular2Demo\Angular2Demo\src\main.js.map
D:\Anil\repos\Angular2Demo\Angular2Demo\src\app\app.component.spec.js
D:\Anil\repos\Angular2Demo\Angular2Demo\src\app\app.component.spec.js.map
D:\Anil\repos\Angular2Demo\Angular2Demo\src\app\Book\books.component.js
D:\Anil\repos\Angular2Demo\Angular2Demo\src\app\Book\books.component.js.map
D:\Anil\repos\Angular2Demo\Angular2Demo\src\app\Book\modal.js
D:\Anil\repos\Angular2Demo\Angular2Demo\src\app\Book\modal.js.map
D:\Anil\repos\Angular2Demo\Angular2Demo\src\app\Book\bookslist.component.js
D:\Anil\repos\Angular2Demo\Angular2Demo\src\app\Book\bookslist.component.js.map
D:\Anil\repos\Angular2Demo\Angular2Demo\src\app\app.component.js
D:\Anil\repos\Angular2Demo\Angular2Demo\src\app\app.component.js.map
D:\Anil\repos\Angular2Demo\Angular2Demo\src\app\app.module.js
D:\Anil\repos\Angular2Demo\Angular2Demo\src\app\app.module.js.map
D:\Anil\repos\Angular2Demo\Angular2Demo\src\main.js
D:\Anil\repos\Angular2Demo\Angular2Demo\src\main.js.map
D:\Anil\repos\Angular2Demo\Angular2Demo\src\app\app.component.spec.js
D:\Anil\repos\Angular2Demo\Angular2Demo\src\app\app.component.spec.js.map
D:\Anil\repos\Angular2Demo\Angular2Demo\src\app\Book\books.component.js
D:\Anil\repos\Angular2Demo\Angular2Demo\src\app\Book\books.component.js.map
D:\Anil\repos\Angular2Demo\Angular2Demo\src\app\Book\modal.js
D:\Anil\repos\Angular2Demo\Angular2Demo\src\app\Book\modal.js.map
D:\Anil\repos\Angular2Demo\Angular2Demo\src\app\Book\bookslist.component.js
D:\Anil\repos\Angular2Demo\Angular2Demo\src\app\Book\bookslist.component.js.map
D:\Anil\repos\Angular2Demo\Angular2Demo\src\app\app.component.js
D:\Anil\repos\Angular2Demo\Angular2Demo\src\app\app.component.js.map
D:\Anil\repos\Angular2Demo\Angular2Demo\src\app\app.module.js
D:\Anil\repos\Angular2Demo\Angular2Demo\src\app\app.module.js.map
D:\Anil\repos\Angular2Demo\Angular2Demo\src\main.js
D:\Anil\repos\Angular2Demo\Angular2Demo\src\main.js.map
D:\Anil\repos\Angular2Demo\Angular2Demo\src\app\app.component.spec.js
D:\Anil\repos\Angular2Demo\Angular2Demo\src\app\app.component.spec.js.map
D:\Anil\repos\Angular2Demo\Angular2Demo\src\app\Book\books.component.js
D:\Anil\repos\Angular2Demo\Angular2Demo\src\app\Book\books.component.js.map
D:\Anil\repos\Angular2Demo\Angular2Demo\src\app\Book\modal.js
D:\Anil\repos\Angular2Demo\Angular2Demo\src\app\Book\modal.js.map
D:\Anil\repos\Angular2Demo\Angular2Demo\src\app\Book\bookslist.component.js
D:\Anil\repos\Angular2Demo\Angular2Demo\src\app\Book\bookslist.component.js.map
D:\Anil\repos\Angular2Demo\Angular2Demo\src\app\app.component.js
D:\Anil\repos\Angular2Demo\Angular2Demo\src\app\app.component.js.map
D:\Anil\repos\Angular2Demo\Angular2Demo\src\app\app.module.js
D:\Anil\repos\Angular2Demo\Angular2Demo\src\app\app.module.js.map
D:\Anil\repos\Angular2Demo\Angular2Demo\src\main.js
D:\Anil\repos\Angular2Demo\Angular2Demo\src\main.js.map
D:\Anil\repos\Angular2Demo\Angular2Demo\src\app\app.component.spec.js
D:\Anil\repos\Angular2Demo\Angular2Demo\src\app\app.component.spec.js.map
D:\Anil\repos\Angular2Demo\Angular2Demo\src\app\Book\books.component.js
D:\Anil\repos\Angular2Demo\Angular2Demo\src\app\Book\books.component.js.map
D:\Anil\repos\Angular2Demo\Angular2Demo\src\app\Book\modal.js
D:\Anil\repos\Angular2Demo\Angular2Demo\src\app\Book\modal.js.map
D:\Anil\repos\Angular2Demo\Angular2Demo\src\app\Book\bookslist.component.js
D:\Anil\repos\Angular2Demo\Angular2Demo\src\app\Book\bookslist.component.js.map
D:\Anil\repos\Angular2Demo\Angular2Demo\src\app\app.component.js
D:\Anil\repos\Angular2Demo\Angular2Demo\src\app\app.component.js.map
D:\Anil\repos\Angular2Demo\Angular2Demo\src\app\app.module.js
D:\Anil\repos\Angular2Demo\Angular2Demo\src\app\app.module.js.map
D:\Anil\repos\Angular2Demo\Angular2Demo\src\main.js
D:\Anil\repos\Angular2Demo\Angular2Demo\src\main.js.map
D:\Anil\repos\Angular2Demo\Angular2Demo\src\app\app.component.spec.js
D:\Anil\repos\Angular2Demo\Angular2Demo\src\app\app.component.spec.js.map
D:\Anil\repos\Angular2Demo\Angular2Demo\src\app\Book\books.component.js
D:\Anil\repos\Angular2Demo\Angular2Demo\src\app\Book\books.component.js.map
D:\Anil\repos\Angular2Demo\Angular2Demo\src\app\Book\modal.js
D:\Anil\repos\Angular2Demo\Angular2Demo\src\app\Book\modal.js.map
D:\Anil\repos\Angular2Demo\Angular2Demo\src\app\Book\bookslist.component.js
D:\Anil\repos\Angular2Demo\Angular2Demo\src\app\Book\bookslist.component.js.map
D:\Anil\repos\Angular2Demo\Angular2Demo\src\app\app.component.js
D:\Anil\repos\Angular2Demo\Angular2Demo\src\app\app.component.js.map
D:\Anil\repos\Angular2Demo\Angular2Demo\src\app\app.module.js
D:\Anil\repos\Angular2Demo\Angular2Demo\src\app\app.module.js.map
D:\Anil\repos\Angular2Demo\Angular2Demo\src\main.js
D:\Anil\repos\Angular2Demo\Angular2Demo\src\main.js.map
D:\Anil\repos\Angular2Demo\Angular2Demo\src\app\app.component.spec.js
D:\Anil\repos\Angular2Demo\Angular2Demo\src\app\app.component.spec.js.map
D:\Anil\repos\Angular2Demo\Angular2Demo\src\app\Book\books.component.js
D:\Anil\repos\Angular2Demo\Angular2Demo\src\app\Book\books.component.js.map
D:\Anil\repos\Angular2Demo\Angular2Demo\src\app\Book\modal.js
D:\Anil\repos\Angular2Demo\Angular2Demo\src\app\Book\modal.js.map
D:\Anil\repos\Angular2Demo\Angular2Demo\src\app\Book\bookslist.component.js
D:\Anil\repos\Angular2Demo\Angular2Demo\src\app\Book\bookslist.component.js.map
D:\Anil\repos\Angular2Demo\Angular2Demo\src\app\app.component.js
D:\Anil\repos\Angular2Demo\Angular2Demo\src\app\app.component.js.map
D:\Anil\repos\Angular2Demo\Angular2Demo\src\app\app.module.js
D:\Anil\repos\Angular2Demo\Angular2Demo\src\app\app.module.js.map
D:\Anil\repos\Angular2Demo\Angular2Demo\src\main.js
D:\Anil\repos\Angular2Demo\Angular2Demo\src\main.js.map
D:\Anil\repos\Angular2Demo\Angular2Demo\src\app\app.component.spec.js
D:\Anil\repos\Angular2Demo\Angular2Demo\src\app\app.component.spec.js.map
D:\Anil\repos\Angular2Demo\Angular2Demo\src\app\Book\books.component.js
D:\Anil\repos\Angular2Demo\Angular2Demo\src\app\Book\books.component.js.map
D:\Anil\repos\Angular2Demo\Angular2Demo\src\app\Book\modal.js
D:\Anil\repos\Angular2Demo\Angular2Demo\src\app\Book\modal.js.map
D:\Anil\repos\Angular2Demo\Angular2Demo\src\app\Book\bookslist.component.js
D:\Anil\repos\Angular2Demo\Angular2Demo\src\app\Book\bookslist.component.js.map
D:\Anil\repos\Angular2Demo\Angular2Demo\src\app\app.component.js
D:\Anil\repos\Angular2Demo\Angular2Demo\src\app\app.component.js.map
D:\Anil\repos\Angular2Demo\Angular2Demo\src\app\app.module.js
D:\Anil\repos\Angular2Demo\Angular2Demo\src\app\app.module.js.map
D:\Anil\repos\Angular2Demo\Angular2Demo\src\main.js
D:\Anil\repos\Angular2Demo\Angular2Demo\src\main.js.map
D:\Anil\repos\Angular2Demo\Angular2Demo\src\app\app.component.spec.js
D:\Anil\repos\Angular2Demo\Angular2Demo\src\app\app.component.spec.js.map
D:\Anil\repos\Angular2Demo\Angular2Demo\src\app\Book\books.component.js
D:\Anil\repos\Angular2Demo\Angular2Demo\src\app\Book\books.component.js.map
D:\Anil\repos\Angular2Demo\Angular2Demo\src\app\Book\modal.js
D:\Anil\repos\Angular2Demo\Angular2Demo\src\app\Book\modal.js.map
D:\Anil\repos\Angular2Demo\Angular2Demo\src\app\Book\bookslist.component.js
D:\Anil\repos\Angular2Demo\Angular2Demo\src\app\Book\bookslist.component.js.map
D:\Anil\repos\Angular2Demo\Angular2Demo\src\app\app.component.js
D:\Anil\repos\Angular2Demo\Angular2Demo\src\app\app.component.js.map
D:\Anil\repos\Angular2Demo\Angular2Demo\src\app\app.module.js
D:\Anil\repos\Angular2Demo\Angular2Demo\src\app\app.module.js.map
D:\Anil\repos\Angular2Demo\Angular2Demo\src\main.js
D:\Anil\repos\Angular2Demo\Angular2Demo\src\main.js.map
D:\Anil\repos\Angular2Demo\Angular2Demo\src\app\app.component.spec.js
D:\Anil\repos\Angular2Demo\Angular2Demo\src\app\app.component.spec.js.map
D:\Anil\repos\Angular2Demo\Angular2Demo\src\app\Book\books.component.js
D:\Anil\repos\Angular2Demo\Angular2Demo\src\app\Book\books.component.js.map
D:\Anil\repos\Angular2Demo\Angular2Demo\src\app\Book\modal.js
D:\Anil\repos\Angular2Demo\Angular2Demo\src\app\Book\modal.js.map
D:\Anil\repos\Angular2Demo\Angular2Demo\src\app\Book\bookslist.component.js
D:\Anil\repos\Angular2Demo\Angular2Demo\src\app\Book\bookslist.component.js.map
D:\Anil\repos\Angular2Demo\Angular2Demo\src\app\app.component.js
D:\Anil\repos\Angular2Demo\Angular2Demo\src\app\app.component.js.map
D:\Anil\repos\Angular2Demo\Angular2Demo\src\app\app.module.js
D:\Anil\repos\Angular2Demo\Angular2Demo\src\app\app.module.js.map
D:\Anil\repos\Angular2Demo\Angular2Demo\src\main.js
D:\Anil\repos\Angular2Demo\Angular2Demo\src\main.js.map
D:\Anil\repos\Angular2Demo\Angular2Demo\src\app\app.component.spec.js
D:\Anil\repos\Angular2Demo\Angular2Demo\src\app\app.component.spec.js.map
D:\Anil\repos\Angular2Demo\Angular2Demo\src\app\Book\books.component.js
D:\Anil\repos\Angular2Demo\Angular2Demo\src\app\Book\books.component.js.map
D:\Anil\repos\Angular2Demo\Angular2Demo\src\app\Book\modal.js
D:\Anil\repos\Angular2Demo\Angular2Demo\src\app\Book\modal.js.map
D:\Anil\repos\Angular2Demo\Angular2Demo\src\app\Book\bookslist.component.js
D:\Anil\repos\Angular2Demo\Angular2Demo\src\app\Book\bookslist.component.js.map
D:\Anil\repos\Angular2Demo\Angular2Demo\src\app\app.component.js
D:\Anil\repos\Angular2Demo\Angular2Demo\src\app\app.component.js.map
D:\Anil\repos\Angular2Demo\Angular2Demo\src\app\app.module.js
D:\Anil\repos\Angular2Demo\Angular2Demo\src\app\app.module.js.map
D:\Anil\repos\Angular2Demo\Angular2Demo\src\main.js
D:\Anil\repos\Angular2Demo\Angular2Demo\src\main.js.map
D:\Anil\repos\Angular2Demo\Angular2Demo\src\app\app.component.spec.js
D:\Anil\repos\Angular2Demo\Angular2Demo\src\app\app.component.spec.js.map
